Base path: C:/Program Files (x86)/Unity/Editor/Data
Pipe name: \\.\pipe\UnityShaderCompiler-4-5144
Cmd: getPlatforms
Cmd: compileSnippet
  api=8 type=1 insize=1381 outsize=2600 kw= ok=1
Cmd: compileSnippet
  api=8 type=0 insize=1788 outsize=2430 kw= ok=1
Cmd: compileSnippet
  api=4 type=1 insize=1788 outsize=1290 kw= ok=1
Cmd: compileSnippet
  api=8 type=1 insize=2219 outsize=2584 kw= ok=1
Cmd: compileSnippet
  api=8 type=0 insize=924 outsize=1690 kw= ok=1
Cmd: compileSnippet
  api=8 type=1 insize=1329 outsize=1682 kw= ok=1
Cmd: compileSnippet
  api=8 type=1 insize=1252 outsize=1715 kw= ok=1
Cmd: compileSnippet
  api=8 type=1 insize=1237 outsize=1690 kw= ok=1
Cmd: compileSnippet
  api=8 type=1 insize=882 outsize=1048 kw= ok=1
Cmd: compileSnippet
  api=8 type=0 insize=1051 outsize=1690 kw= ok=1
Cmd: compileSnippet
  api=8 type=1 insize=1051 outsize=2015 kw= ok=1
Unhandled exception: Readfile from pipe failed. GLE=The pipe has been ended.


Quitting shader compiler process
